<?xml version="1.0" encoding="UTF-8"?>
<!-- Generated by org.testng.reporters.JUnitReportReporter -->
<testsuite hostname="PavanKalyan" failures="0" tests="21" name="com.pcm.qa.testcases.SSO_LoginPageTest" time="456.608" errors="1" timestamp="2021-11-02T16:54:35 IST" skipped="0">
  <testcase classname="com.pcm.qa.testcases.SSO_LoginPageTest" name="ParentNodeCreation" time="0.007"/>
  <system-out/>
  <testcase classname="com.pcm.qa.testcases.SSO_LoginPageTest" name="validatingloginpageheadertitleTest" time="6.190"/>
  <system-out/>
  <testcase classname="com.pcm.qa.testcases.SSO_LoginPageTest" name="verifyingloginwithSuperadmin" time="5.434"/>
  <system-out/>
  <testcase classname="com.pcm.qa.testcases.SSO_LoginPageTest" name="validatingChangePasswordVisibility" time="4.187"/>
  <system-out/>
  <testcase classname="com.pcm.qa.testcases.SSO_LoginPageTest" name="VerifyingusertypeasExternal" time="7.844"/>
  <system-out/>
  <testcase classname="com.pcm.qa.testcases.SSO_LoginPageTest" name="VerifyingdeleteExternaluserandLogin" time="27.224"/>
  <system-out/>
  <testcase classname="com.pcm.qa.testcases.SSO_LoginPageTest" name="validatingforgotpasswordVisibility" time="20.203"/>
  <system-out/>
  <testcase classname="com.pcm.qa.testcases.SSO_LoginPageTest" name="verifyingloginwithAdmin" time="27.461"/>
  <system-out/>
  <testcase classname="com.pcm.qa.testcases.SSO_LoginPageTest" name="verifyingloginwithOnBoarder" time="47.524">
    <error message="no such element: Unable to locate element: {&quot;method&quot;:&quot;xpath&quot;,&quot;selector&quot;:&quot;//div[@id=&#039;swal2-content&#039;]&quot;}
  (Session info: chrome=95.0.4638.54)
For documentation on this error, please visit: http://seleniumhq.org/exceptions/no_such_element.html
Build info: version: &#039;3.5.3&#039;, revision: &#039;a88d25fe6b&#039;, time: &#039;2017-08-29T12:42:44.417Z&#039;
System info: host: &#039;PAVANKALYAN&#039;, ip: &#039;192.168.0.76&#039;, os.name: &#039;Windows 10&#039;, os.arch: &#039;amd64&#039;, os.version: &#039;10.0&#039;, java.version: &#039;16.0.2&#039;
Driver info: org.openqa.selenium.chrome.ChromeDriver
Capabilities [{networkConnectionEnabled=false, chrome={chromedriverVersion=94.0.4606.61 (418b78f5838ed0b1c69bb4e51ea0252171854915-refs/branch-heads/4606@{#1204}), userDataDir=C:\Users\PAVAN~1.KON\AppData\Local\Temp\scoped_dir3308_1576917398}, timeouts={implicit=0, pageLoad=300000, script=30000}, pageLoadStrategy=normal, unhandledPromptBehavior=dismiss and notify, strictFileInteractability=false, platform=XP, proxy=Proxy(), goog:chromeOptions={debuggerAddress=localhost:63787}, webauthn:extension:credBlob=true, acceptInsecureCerts=false, browserVersion=95.0.4638.54, browserName=chrome, javascriptEnabled=true, platformName=XP, setWindowRect=true, webauthn:extension:largeBlob=true, webauthn:virtualAuthenticators=true}]
Session ID: 4b80043d68f137faeea7b2d8c2c64b3a
*** Element info: {Using=xpath, value=//div[@id=&#039;swal2-content&#039;]}" type="org.openqa.selenium.NoSuchElementException">
      <![CDATA[org.openqa.selenium.NoSuchElementException: no such element: Unable to locate element: {"method":"xpath","selector":"//div[@id='swal2-content']"}
  (Session info: chrome=95.0.4638.54)
For documentation on this error, please visit: http://seleniumhq.org/exceptions/no_such_element.html
Build info: version: '3.5.3', revision: 'a88d25fe6b', time: '2017-08-29T12:42:44.417Z'
System info: host: 'PAVANKALYAN', ip: '192.168.0.76', os.name: 'Windows 10', os.arch: 'amd64', os.version: '10.0', java.version: '16.0.2'
Driver info: org.openqa.selenium.chrome.ChromeDriver
Capabilities [{networkConnectionEnabled=false, chrome={chromedriverVersion=94.0.4606.61 (418b78f5838ed0b1c69bb4e51ea0252171854915-refs/branch-heads/4606@{#1204}), userDataDir=C:\Users\PAVAN~1.KON\AppData\Local\Temp\scoped_dir3308_1576917398}, timeouts={implicit=0, pageLoad=300000, script=30000}, pageLoadStrategy=normal, unhandledPromptBehavior=dismiss and notify, strictFileInteractability=false, platform=XP, proxy=Proxy(), goog:chromeOptions={debuggerAddress=localhost:63787}, webauthn:extension:credBlob=true, acceptInsecureCerts=false, browserVersion=95.0.4638.54, browserName=chrome, javascriptEnabled=true, platformName=XP, setWindowRect=true, webauthn:extension:largeBlob=true, webauthn:virtualAuthenticators=true}]
Session ID: 4b80043d68f137faeea7b2d8c2c64b3a
*** Element info: {Using=xpath, value=//div[@id='swal2-content']}
at java.base/jdk.internal.reflect.NativeConstructorAccessorImpl.newInstance0(Native Method)
at java.base/jdk.internal.reflect.NativeConstructorAccessorImpl.newInstance(NativeConstructorAccessorImpl.java:78)
at java.base/jdk.internal.reflect.DelegatingConstructorAccessorImpl.newInstance(DelegatingConstructorAccessorImpl.java:45)
at java.base/java.lang.reflect.Constructor.newInstanceWithCaller(Constructor.java:499)
at java.base/java.lang.reflect.Constructor.newInstance(Constructor.java:480)
at org.openqa.selenium.remote.http.W3CHttpResponseCodec.createException(W3CHttpResponseCodec.java:185)
at org.openqa.selenium.remote.http.W3CHttpResponseCodec.decode(W3CHttpResponseCodec.java:120)
at org.openqa.selenium.remote.http.W3CHttpResponseCodec.decode(W3CHttpResponseCodec.java:49)
at org.openqa.selenium.remote.HttpCommandExecutor.execute(HttpCommandExecutor.java:164)
at org.openqa.selenium.remote.service.DriverCommandExecutor.execute(DriverCommandExecutor.java:82)
at org.openqa.selenium.remote.RemoteWebDriver.execute(RemoteWebDriver.java:646)
at org.openqa.selenium.remote.RemoteWebDriver.findElement(RemoteWebDriver.java:416)
at org.openqa.selenium.remote.RemoteWebDriver.findElementByXPath(RemoteWebDriver.java:518)
at org.openqa.selenium.By$ByXPath.findElement(By.java:361)
at org.openqa.selenium.remote.RemoteWebDriver.findElement(RemoteWebDriver.java:408)
at jdk.internal.reflect.GeneratedMethodAccessor2.invoke(Unknown Source)
at java.base/jdk.internal.reflect.DelegatingMethodAccessorImpl.invoke(DelegatingMethodAccessorImpl.java:43)
at java.base/java.lang.reflect.Method.invoke(Method.java:567)
at org.openqa.selenium.support.events.EventFiringWebDriver$2.invoke(EventFiringWebDriver.java:105)
at jdk.proxy2/jdk.proxy2.$Proxy12.findElement(Unknown Source)
at org.openqa.selenium.support.events.EventFiringWebDriver.findElement(EventFiringWebDriver.java:189)
at org.openqa.selenium.support.pagefactory.DefaultElementLocator.findElement(DefaultElementLocator.java:69)
at org.openqa.selenium.support.pagefactory.internal.LocatingElementHandler.invoke(LocatingElementHandler.java:38)
at jdk.proxy2/jdk.proxy2.$Proxy17.getText(Unknown Source)
at com.pcm.qa.testcases.SSO_LoginPageTest.verifyingloginwithOnBoarder(SSO_LoginPageTest.java:344)
at java.base/jdk.internal.reflect.NativeMethodAccessorImpl.invoke0(Native Method)
at java.base/jdk.internal.reflect.NativeMethodAccessorImpl.invoke(NativeMethodAccessorImpl.java:78)
at java.base/jdk.internal.reflect.DelegatingMethodAccessorImpl.invoke(DelegatingMethodAccessorImpl.java:43)
at java.base/java.lang.reflect.Method.invoke(Method.java:567)
at org.testng.internal.MethodInvocationHelper.invokeMethod(MethodInvocationHelper.java:133)
at org.testng.internal.TestInvoker.invokeMethod(TestInvoker.java:598)
at org.testng.internal.TestInvoker.invokeTestMethod(TestInvoker.java:173)
at org.testng.internal.MethodRunner.runInSequence(MethodRunner.java:46)
at org.testng.internal.TestInvoker$MethodInvocationAgent.invoke(TestInvoker.java:824)
at org.testng.internal.TestInvoker.invokeTestMethods(TestInvoker.java:146)
at org.testng.internal.TestMethodWorker.invokeTestMethods(TestMethodWorker.java:146)
at org.testng.internal.TestMethodWorker.run(TestMethodWorker.java:128)
at java.base/java.util.ArrayList.forEach(ArrayList.java:1511)
at org.testng.TestRunner.privateRun(TestRunner.java:794)
at org.testng.TestRunner.run(TestRunner.java:596)
at org.testng.SuiteRunner.runTest(SuiteRunner.java:377)
at org.testng.SuiteRunner.runSequentially(SuiteRunner.java:371)
at org.testng.SuiteRunner.privateRun(SuiteRunner.java:332)
at org.testng.SuiteRunner.run(SuiteRunner.java:276)
at org.testng.SuiteRunnerWorker.runSuite(SuiteRunnerWorker.java:53)
at org.testng.SuiteRunnerWorker.run(SuiteRunnerWorker.java:96)
at org.testng.TestNG.runSuitesSequentially(TestNG.java:1212)
at org.testng.TestNG.runSuitesLocally(TestNG.java:1134)
at org.testng.TestNG.runSuites(TestNG.java:1063)
at org.testng.TestNG.run(TestNG.java:1031)
at org.testng.remote.AbstractRemoteTestNG.run(AbstractRemoteTestNG.java:115)
at org.testng.remote.RemoteTestNG.initAndRun(RemoteTestNG.java:251)
at org.testng.remote.RemoteTestNG.main(RemoteTestNG.java:77)
]]>
    </error>
  </testcase> <!-- verifyingloginwithOnBoarder -->
  <system-out/>
  <testcase classname="com.pcm.qa.testcases.SSO_LoginPageTest" name="verifyingloginwithBusinessAdmin" time="13.549"/>
  <system-out/>
  <testcase classname="com.pcm.qa.testcases.SSO_LoginPageTest" name="verifyingloginwithBusinessUser" time="13.411"/>
  <system-out/>
  <testcase classname="com.pcm.qa.testcases.SSO_LoginPageTest" name="verifyingloginwithDataprocessor" time="13.381"/>
  <system-out/>
  <testcase classname="com.pcm.qa.testcases.SSO_LoginPageTest" name="verifyingloginwithDataprocessorRes" time="13.493"/>
  <system-out/>
  <testcase classname="com.pcm.qa.testcases.SSO_LoginPageTest" name="verifyingloginwithinvaliddataTest" time="3.300"/>
  <system-out/>
  <testcase classname="com.pcm.qa.testcases.SSO_LoginPageTest" name="UpdatingExternaluserRoleandLogin" time="40.720"/>
  <system-out/>
  <testcase classname="com.pcm.qa.testcases.SSO_LoginPageTest" name="UpdatingExternaluserRoleDefaultandLogin" time="46.520"/>
  <system-out/>
  <testcase classname="com.pcm.qa.testcases.SSO_LoginPageTest" name="UpdatingExternaluserIdandLogin" time="34.409"/>
  <system-out/>
  <testcase classname="com.pcm.qa.testcases.SSO_LoginPageTest" name="UpdatingExternaluserIdDefaultandLogin" time="45.456"/>
  <system-out/>
  <testcase classname="com.pcm.qa.testcases.SSO_LoginPageTest" name="verifyingDuplicateExternalId" time="25.370"/>
  <system-out/>
  <testcase classname="com.pcm.qa.testcases.SSO_LoginPageTest" name="UpdatingdetailsexceptIDandLogin" time="35.498"/>
  <system-out/>
  <testcase classname="com.pcm.qa.testcases.SSO_LoginPageTest" name="VerifyingExternalIdasMandatory" time="25.427"/>
  <system-out/>
</testsuite> <!-- com.pcm.qa.testcases.SSO_LoginPageTest -->
